nohup: ignoring input
Discovered 19 translatable models:
  - App\Models\Admin\Admin
  - App\Models\Brand
  - App\Models\BrandType
  - App\Models\Category
  - App\Models\City
  - App\Models\Freezone
  - App\Models\Group
  - App\Models\Ipark
  - App\Models\Letter
  - App\Models\Permission
  - App\Models\Plan\Attribute
  - App\Models\Plan\Plan
  - App\Models\Product
  - App\Models\ProductAttributes
  - App\Models\ProductInquery
  - App\Models\Province
  - App\Models\Role
  - App\Models\Slide
  - App\Models\User
Processing models...
Processing App\Models\Admin\Admin...
Searching for untranslated records in App\Models\Admin\Admin...
Source language: fa-IR
Target languages: fa-IR, en-US, ar-SA, tr-TR, ru-RU, zh-CN
Dispatched 0 translation jobs.
Processing App\Models\Brand...
Searching for untranslated records in App\Models\Brand...
Source language: fa-IR
Target languages: fa-IR, en-US, ar-SA, tr-TR, ru-RU, zh-CN
Dispatched 0 translation jobs.
Processing App\Models\BrandType...
Searching for untranslated records in App\Models\BrandType...
Source language: fa-IR
Target languages: fa-IR, en-US, ar-SA, tr-TR, ru-RU, zh-CN
Dispatched 0 translation jobs.
Processing App\Models\Category...
Searching for untranslated records in App\Models\Category...
Source language: fa-IR
Target languages: fa-IR, en-US, ar-SA, tr-TR, ru-RU, zh-CN
Dispatched 0 translation jobs.
Processing App\Models\City...
Searching for untranslated records in App\Models\City...
Source language: fa-IR
Target languages: fa-IR, en-US, ar-SA, tr-TR, ru-RU, zh-CN
Dispatched 0 translation jobs.
Processing App\Models\Freezone...
Searching for untranslated records in App\Models\Freezone...
Source language: fa-IR
Target languages: fa-IR, en-US, ar-SA, tr-TR, ru-RU, zh-CN
Dispatched 0 translation jobs.
Processing App\Models\Group...
Searching for untranslated records in App\Models\Group...
Source language: fa-IR
Target languages: fa-IR, en-US, ar-SA, tr-TR, ru-RU, zh-CN
Dispatched 0 translation jobs.
Processing App\Models\Ipark...
Searching for untranslated records in App\Models\Ipark...
Source language: fa-IR
Target languages: fa-IR, en-US, ar-SA, tr-TR, ru-RU, zh-CN
Dispatched 0 translation jobs.
Processing App\Models\Letter...
Searching for untranslated records in App\Models\Letter...
Source language: fa-IR
Target languages: fa-IR, en-US, ar-SA, tr-TR, ru-RU, zh-CN
Queued translation for record ID 494 to en-US
Queued translation for record ID 494 to ar-SA
Queued translation for record ID 494 to tr-TR
Queued translation for record ID 494 to ru-RU
Queued translation for record ID 494 to zh-CN
Dispatched 5 translation jobs.
Processing App\Models\Permission...
Searching for untranslated records in App\Models\Permission...
Source language: fa-IR
Target languages: fa-IR, en-US, ar-SA, tr-TR, ru-RU, zh-CN
Dispatched 0 translation jobs.
Processing App\Models\Plan\Attribute...
Searching for untranslated records in App\Models\Plan\Attribute...
Source language: fa-IR
Target languages: fa-IR, en-US, ar-SA, tr-TR, ru-RU, zh-CN
Dispatched 0 translation jobs.
Processing App\Models\Plan\Plan...
Searching for untranslated records in App\Models\Plan\Plan...
Source language: fa-IR
Target languages: fa-IR, en-US, ar-SA, tr-TR, ru-RU, zh-CN
Dispatched 0 translation jobs.
Processing App\Models\Product...
Searching for untranslated records in App\Models\Product...
Source language: fa-IR
Target languages: fa-IR, en-US, ar-SA, tr-TR, ru-RU, zh-CN
Queued translation for record ID 1191 to en-US
Queued translation for record ID 1191 to ar-SA
Queued translation for record ID 1191 to tr-TR
Queued translation for record ID 1191 to ru-RU
Queued translation for record ID 1191 to zh-CN
Queued translation for record ID 3070 to en-US
Queued translation for record ID 3070 to ar-SA
Queued translation for record ID 3070 to tr-TR
Queued translation for record ID 3070 to ru-RU
Queued translation for record ID 3070 to zh-CN
Queued translation for record ID 3091 to en-US
Queued translation for record ID 3091 to ar-SA
Queued translation for record ID 3091 to tr-TR
Queued translation for record ID 3091 to ru-RU
Queued translation for record ID 3091 to zh-CN
Queued translation for record ID 3092 to en-US
Queued translation for record ID 3092 to ar-SA
Queued translation for record ID 3092 to tr-TR
Queued translation for record ID 3092 to ru-RU
Queued translation for record ID 3092 to zh-CN
Queued translation for record ID 3444 to en-US
Queued translation for record ID 3444 to ar-SA
Queued translation for record ID 3444 to tr-TR
Queued translation for record ID 3444 to ru-RU
Queued translation for record ID 3444 to zh-CN
Queued translation for record ID 3445 to en-US
Queued translation for record ID 3445 to ar-SA
Queued translation for record ID 3445 to tr-TR
Queued translation for record ID 3445 to ru-RU
Queued translation for record ID 3445 to zh-CN
Queued translation for record ID 3446 to en-US
Queued translation for record ID 3446 to ar-SA
Queued translation for record ID 3446 to tr-TR
Queued translation for record ID 3446 to ru-RU
Queued translation for record ID 3446 to zh-CN
Queued translation for record ID 3447 to en-US
Queued translation for record ID 3447 to ar-SA
Queued translation for record ID 3447 to tr-TR
Queued translation for record ID 3447 to ru-RU
Queued translation for record ID 3447 to zh-CN
Queued translation for record ID 3449 to en-US
Queued translation for record ID 3449 to ar-SA
Queued translation for record ID 3449 to tr-TR
Queued translation for record ID 3449 to ru-RU
Queued translation for record ID 3449 to zh-CN
Queued translation for record ID 3453 to en-US
Queued translation for record ID 3453 to ar-SA
Queued translation for record ID 3453 to tr-TR
Queued translation for record ID 3453 to ru-RU
Queued translation for record ID 3453 to zh-CN
Queued translation for record ID 3454 to en-US
Queued translation for record ID 3454 to ar-SA
Queued translation for record ID 3454 to tr-TR
Queued translation for record ID 3454 to ru-RU
Queued translation for record ID 3454 to zh-CN
Queued translation for record ID 3456 to en-US
Queued translation for record ID 3456 to ar-SA
Queued translation for record ID 3456 to tr-TR
Queued translation for record ID 3456 to ru-RU
Queued translation for record ID 3456 to zh-CN
Queued translation for record ID 3458 to en-US
Queued translation for record ID 3458 to ar-SA
Queued translation for record ID 3458 to tr-TR
Queued translation for record ID 3458 to ru-RU
Queued translation for record ID 3458 to zh-CN
Queued translation for record ID 3459 to en-US
Queued translation for record ID 3459 to ar-SA
Queued translation for record ID 3459 to tr-TR
Queued translation for record ID 3459 to ru-RU
Queued translation for record ID 3459 to zh-CN
Queued translation for record ID 3460 to en-US
Queued translation for record ID 3460 to ar-SA
Queued translation for record ID 3460 to tr-TR
Queued translation for record ID 3460 to ru-RU
Queued translation for record ID 3460 to zh-CN
Queued translation for record ID 3463 to en-US
Queued translation for record ID 3463 to ar-SA
Queued translation for record ID 3463 to tr-TR
Queued translation for record ID 3463 to ru-RU
Queued translation for record ID 3463 to zh-CN
Queued translation for record ID 3465 to en-US
Queued translation for record ID 3465 to ar-SA
Queued translation for record ID 3465 to tr-TR
Queued translation for record ID 3465 to ru-RU
Queued translation for record ID 3465 to zh-CN
Queued translation for record ID 3466 to en-US
Queued translation for record ID 3466 to ar-SA
Queued translation for record ID 3466 to tr-TR
Queued translation for record ID 3466 to ru-RU
Queued translation for record ID 3466 to zh-CN
Queued translation for record ID 3468 to en-US
Queued translation for record ID 3468 to ar-SA
Queued translation for record ID 3468 to tr-TR
Queued translation for record ID 3468 to ru-RU
Queued translation for record ID 3468 to zh-CN
Queued translation for record ID 3469 to en-US
Queued translation for record ID 3469 to ar-SA
Queued translation for record ID 3469 to tr-TR
Queued translation for record ID 3469 to ru-RU
Queued translation for record ID 3469 to zh-CN
Queued translation for record ID 3470 to en-US
Queued translation for record ID 3470 to ar-SA
Queued translation for record ID 3470 to tr-TR
Queued translation for record ID 3470 to ru-RU
Queued translation for record ID 3470 to zh-CN
Queued translation for record ID 3474 to en-US
Queued translation for record ID 3474 to ar-SA
Queued translation for record ID 3474 to tr-TR
Queued translation for record ID 3474 to ru-RU
Queued translation for record ID 3474 to zh-CN
Queued translation for record ID 3475 to en-US
Queued translation for record ID 3475 to ar-SA
Queued translation for record ID 3475 to tr-TR
Queued translation for record ID 3475 to ru-RU
Queued translation for record ID 3475 to zh-CN
Queued translation for record ID 3476 to en-US
Queued translation for record ID 3476 to ar-SA
Queued translation for record ID 3476 to tr-TR
Queued translation for record ID 3476 to ru-RU
Queued translation for record ID 3476 to zh-CN
Queued translation for record ID 3477 to en-US
Queued translation for record ID 3477 to ar-SA
Queued translation for record ID 3477 to tr-TR
Queued translation for record ID 3477 to ru-RU
Queued translation for record ID 3477 to zh-CN
Queued translation for record ID 3482 to en-US
Queued translation for record ID 3482 to ar-SA
Queued translation for record ID 3482 to tr-TR
Queued translation for record ID 3482 to ru-RU
Queued translation for record ID 3482 to zh-CN
Queued translation for record ID 3485 to en-US
Queued translation for record ID 3485 to ar-SA
Queued translation for record ID 3485 to tr-TR
Queued translation for record ID 3485 to ru-RU
Queued translation for record ID 3485 to zh-CN
Queued translation for record ID 3488 to en-US
Queued translation for record ID 3488 to ar-SA
Queued translation for record ID 3488 to tr-TR
Queued translation for record ID 3488 to ru-RU
Queued translation for record ID 3488 to zh-CN
Queued translation for record ID 3498 to en-US
Queued translation for record ID 3498 to ar-SA
Queued translation for record ID 3498 to tr-TR
Queued translation for record ID 3498 to ru-RU
Queued translation for record ID 3498 to zh-CN
Queued translation for record ID 3499 to en-US
Queued translation for record ID 3499 to ar-SA
Queued translation for record ID 3499 to tr-TR
Queued translation for record ID 3499 to ru-RU
Queued translation for record ID 3499 to zh-CN
Queued translation for record ID 3500 to en-US
Queued translation for record ID 3500 to ar-SA
Queued translation for record ID 3500 to tr-TR
Queued translation for record ID 3500 to ru-RU
Queued translation for record ID 3500 to zh-CN
Queued translation for record ID 3580 to en-US
Queued translation for record ID 3580 to ar-SA
Queued translation for record ID 3580 to tr-TR
Queued translation for record ID 3580 to ru-RU
Queued translation for record ID 3580 to zh-CN
Queued translation for record ID 3650 to en-US
Queued translation for record ID 3650 to ar-SA
Queued translation for record ID 3650 to tr-TR
Queued translation for record ID 3650 to ru-RU
Queued translation for record ID 3650 to zh-CN
Queued translation for record ID 3893 to en-US
Queued translation for record ID 3893 to ar-SA
Queued translation for record ID 3893 to tr-TR
Queued translation for record ID 3893 to ru-RU
Queued translation for record ID 3893 to zh-CN
Queued translation for record ID 3896 to en-US
Queued translation for record ID 3896 to ar-SA
Queued translation for record ID 3896 to tr-TR
Queued translation for record ID 3896 to ru-RU
Queued translation for record ID 3896 to zh-CN
Queued translation for record ID 3923 to en-US
Queued translation for record ID 3923 to ar-SA
Queued translation for record ID 3923 to tr-TR
Queued translation for record ID 3923 to ru-RU
Queued translation for record ID 3923 to zh-CN
Queued translation for record ID 3926 to en-US
Queued translation for record ID 3926 to ar-SA
Queued translation for record ID 3926 to tr-TR
Queued translation for record ID 3926 to ru-RU
Queued translation for record ID 3926 to zh-CN
Queued translation for record ID 4008 to en-US
Queued translation for record ID 4008 to ar-SA
Queued translation for record ID 4008 to tr-TR
Queued translation for record ID 4008 to ru-RU
Queued translation for record ID 4008 to zh-CN
Queued translation for record ID 4014 to en-US
Queued translation for record ID 4014 to ar-SA
Queued translation for record ID 4014 to tr-TR
Queued translation for record ID 4014 to ru-RU
Queued translation for record ID 4014 to zh-CN
Queued translation for record ID 4016 to en-US
Queued translation for record ID 4016 to ar-SA
Queued translation for record ID 4016 to tr-TR
Queued translation for record ID 4016 to ru-RU
Queued translation for record ID 4016 to zh-CN
Queued translation for record ID 4022 to en-US
Queued translation for record ID 4022 to ar-SA
Queued translation for record ID 4022 to tr-TR
Queued translation for record ID 4022 to ru-RU
Queued translation for record ID 4022 to zh-CN
Queued translation for record ID 4023 to en-US
Queued translation for record ID 4023 to ar-SA
Queued translation for record ID 4023 to tr-TR
Queued translation for record ID 4023 to ru-RU
Queued translation for record ID 4023 to zh-CN
Queued translation for record ID 4025 to en-US
Queued translation for record ID 4025 to ar-SA
Queued translation for record ID 4025 to tr-TR
Queued translation for record ID 4025 to ru-RU
Queued translation for record ID 4025 to zh-CN
Queued translation for record ID 4026 to en-US
Queued translation for record ID 4026 to ar-SA
Queued translation for record ID 4026 to tr-TR
Queued translation for record ID 4026 to ru-RU
Queued translation for record ID 4026 to zh-CN
Queued translation for record ID 4027 to en-US
Queued translation for record ID 4027 to ar-SA
Queued translation for record ID 4027 to tr-TR
Queued translation for record ID 4027 to ru-RU
Queued translation for record ID 4027 to zh-CN
Queued translation for record ID 4028 to en-US
Queued translation for record ID 4028 to ar-SA
Queued translation for record ID 4028 to tr-TR
Queued translation for record ID 4028 to ru-RU
Queued translation for record ID 4028 to zh-CN
Queued translation for record ID 4029 to en-US
Queued translation for record ID 4029 to ar-SA
Queued translation for record ID 4029 to tr-TR
Queued translation for record ID 4029 to ru-RU
Queued translation for record ID 4029 to zh-CN
Queued translation for record ID 4030 to en-US
Queued translation for record ID 4030 to ar-SA
Queued translation for record ID 4030 to tr-TR
Queued translation for record ID 4030 to ru-RU
Queued translation for record ID 4030 to zh-CN
Queued translation for record ID 4031 to en-US
Queued translation for record ID 4031 to ar-SA
Queued translation for record ID 4031 to tr-TR
Queued translation for record ID 4031 to ru-RU
Queued translation for record ID 4031 to zh-CN
Queued translation for record ID 4032 to en-US
Queued translation for record ID 4032 to ar-SA
Queued translation for record ID 4032 to tr-TR
Queued translation for record ID 4032 to ru-RU
Queued translation for record ID 4032 to zh-CN
Queued translation for record ID 4123 to en-US
Queued translation for record ID 4123 to ar-SA
Queued translation for record ID 4123 to tr-TR
Queued translation for record ID 4123 to ru-RU
Queued translation for record ID 4123 to zh-CN
Queued translation for record ID 4210 to en-US
Queued translation for record ID 4210 to ar-SA
Queued translation for record ID 4210 to tr-TR
Queued translation for record ID 4210 to ru-RU
Queued translation for record ID 4210 to zh-CN
Queued translation for record ID 4211 to en-US
Queued translation for record ID 4211 to ar-SA
Queued translation for record ID 4211 to tr-TR
Queued translation for record ID 4211 to ru-RU
Queued translation for record ID 4211 to zh-CN
Queued translation for record ID 4219 to en-US
Queued translation for record ID 4219 to ar-SA
Queued translation for record ID 4219 to tr-TR
Queued translation for record ID 4219 to ru-RU
Queued translation for record ID 4219 to zh-CN
Queued translation for record ID 4231 to en-US
Queued translation for record ID 4231 to ar-SA
Queued translation for record ID 4231 to tr-TR
Queued translation for record ID 4231 to ru-RU
Queued translation for record ID 4231 to zh-CN
Queued translation for record ID 4331 to en-US
Queued translation for record ID 4470 to en-US
Queued translation for record ID 4470 to ar-SA
Queued translation for record ID 4470 to tr-TR
Queued translation for record ID 4470 to ru-RU
Queued translation for record ID 4470 to zh-CN
Queued translation for record ID 4475 to en-US
Queued translation for record ID 4475 to ar-SA
Queued translation for record ID 4475 to tr-TR
Queued translation for record ID 4475 to ru-RU
Queued translation for record ID 4475 to zh-CN
Queued translation for record ID 5160 to en-US
Queued translation for record ID 5160 to ar-SA
Queued translation for record ID 5160 to tr-TR
Queued translation for record ID 5160 to ru-RU
Queued translation for record ID 5160 to zh-CN
Queued translation for record ID 5161 to en-US
Queued translation for record ID 5161 to ar-SA
Queued translation for record ID 5161 to tr-TR
Queued translation for record ID 5161 to ru-RU
Queued translation for record ID 5161 to zh-CN
Queued translation for record ID 6009 to en-US
Queued translation for record ID 6009 to ar-SA
Queued translation for record ID 6009 to tr-TR
Queued translation for record ID 6009 to ru-RU
Queued translation for record ID 6009 to zh-CN
Queued translation for record ID 6010 to en-US
Queued translation for record ID 6010 to ar-SA
Queued translation for record ID 6010 to tr-TR
Queued translation for record ID 6010 to ru-RU
Queued translation for record ID 6010 to zh-CN
Queued translation for record ID 6011 to en-US
Queued translation for record ID 6011 to ar-SA
Queued translation for record ID 6011 to tr-TR
Queued translation for record ID 6011 to ru-RU
Queued translation for record ID 6011 to zh-CN
Queued translation for record ID 6012 to en-US
Queued translation for record ID 6012 to ar-SA
Queued translation for record ID 6012 to tr-TR
Queued translation for record ID 6012 to ru-RU
Queued translation for record ID 6012 to zh-CN
Queued translation for record ID 6013 to en-US
Queued translation for record ID 6013 to ar-SA
Queued translation for record ID 6013 to tr-TR
Queued translation for record ID 6013 to ru-RU
Queued translation for record ID 6013 to zh-CN
Queued translation for record ID 6014 to en-US
Queued translation for record ID 6014 to ar-SA
Queued translation for record ID 6014 to tr-TR
Queued translation for record ID 6014 to ru-RU
Queued translation for record ID 6014 to zh-CN
Queued translation for record ID 6015 to en-US
Queued translation for record ID 6015 to ar-SA
Queued translation for record ID 6015 to tr-TR
Queued translation for record ID 6015 to ru-RU
Queued translation for record ID 6015 to zh-CN
Queued translation for record ID 6024 to en-US
Queued translation for record ID 6024 to ar-SA
Queued translation for record ID 6024 to tr-TR
Queued translation for record ID 6024 to ru-RU
Queued translation for record ID 6024 to zh-CN
Queued translation for record ID 6030 to en-US
Queued translation for record ID 6030 to ar-SA
Queued translation for record ID 6030 to tr-TR
Queued translation for record ID 6030 to ru-RU
Queued translation for record ID 6030 to zh-CN
Queued translation for record ID 6042 to en-US
Queued translation for record ID 6042 to ar-SA
Queued translation for record ID 6042 to tr-TR
Queued translation for record ID 6042 to ru-RU
Queued translation for record ID 6042 to zh-CN
Queued translation for record ID 6056 to en-US
Queued translation for record ID 6056 to ar-SA
Queued translation for record ID 6056 to tr-TR
Queued translation for record ID 6056 to ru-RU
Queued translation for record ID 6056 to zh-CN
Queued translation for record ID 6057 to en-US
Queued translation for record ID 6057 to ar-SA
Queued translation for record ID 6057 to tr-TR
Queued translation for record ID 6057 to ru-RU
Queued translation for record ID 6057 to zh-CN
Queued translation for record ID 6627 to en-US
Queued translation for record ID 6627 to ar-SA
Queued translation for record ID 6627 to tr-TR
Queued translation for record ID 6627 to ru-RU
Queued translation for record ID 6627 to zh-CN
Queued translation for record ID 6646 to en-US
Queued translation for record ID 6646 to ar-SA
Queued translation for record ID 6646 to tr-TR
Queued translation for record ID 6646 to ru-RU
Queued translation for record ID 6646 to zh-CN
Queued translation for record ID 6790 to en-US
Queued translation for record ID 6815 to en-US
Queued translation for record ID 6815 to ar-SA
Queued translation for record ID 6815 to tr-TR
Queued translation for record ID 6815 to ru-RU
Queued translation for record ID 6815 to zh-CN
Queued translation for record ID 7161 to en-US
Queued translation for record ID 7161 to ar-SA
Queued translation for record ID 7161 to tr-TR
Queued translation for record ID 7161 to ru-RU
Queued translation for record ID 7161 to zh-CN
Queued translation for record ID 7522 to en-US
Queued translation for record ID 7522 to ar-SA
Queued translation for record ID 7522 to tr-TR
Queued translation for record ID 7522 to ru-RU
Queued translation for record ID 7522 to zh-CN
Queued translation for record ID 7527 to en-US
Queued translation for record ID 7527 to ar-SA
Queued translation for record ID 7527 to tr-TR
Queued translation for record ID 7527 to ru-RU
Queued translation for record ID 7527 to zh-CN
Queued translation for record ID 7541 to en-US
Queued translation for record ID 7541 to ar-SA
Queued translation for record ID 7541 to tr-TR
Queued translation for record ID 7541 to ru-RU
Queued translation for record ID 7541 to zh-CN
Queued translation for record ID 7542 to en-US
Queued translation for record ID 7542 to ar-SA
Queued translation for record ID 7542 to tr-TR
Queued translation for record ID 7542 to ru-RU
Queued translation for record ID 7542 to zh-CN
Queued translation for record ID 7543 to en-US
Queued translation for record ID 7543 to ar-SA
Queued translation for record ID 7543 to tr-TR
Queued translation for record ID 7543 to ru-RU
Queued translation for record ID 7543 to zh-CN
Queued translation for record ID 7545 to en-US
Queued translation for record ID 7545 to ar-SA
Queued translation for record ID 7545 to tr-TR
Queued translation for record ID 7545 to ru-RU
Queued translation for record ID 7545 to zh-CN
Queued translation for record ID 7549 to en-US
Queued translation for record ID 7549 to ar-SA
Queued translation for record ID 7549 to tr-TR
Queued translation for record ID 7549 to ru-RU
Queued translation for record ID 7549 to zh-CN
Queued translation for record ID 7550 to en-US
Queued translation for record ID 7550 to ar-SA
Queued translation for record ID 7550 to tr-TR
Queued translation for record ID 7550 to ru-RU
Queued translation for record ID 7550 to zh-CN
Queued translation for record ID 7553 to en-US
Queued translation for record ID 7553 to ar-SA
Queued translation for record ID 7553 to tr-TR
Queued translation for record ID 7553 to ru-RU
Queued translation for record ID 7553 to zh-CN
Queued translation for record ID 7574 to en-US
Queued translation for record ID 7574 to ar-SA
Queued translation for record ID 7574 to tr-TR
Queued translation for record ID 7574 to ru-RU
Queued translation for record ID 7574 to zh-CN
Queued translation for record ID 7577 to en-US
Queued translation for record ID 7577 to ar-SA
Queued translation for record ID 7577 to tr-TR
Queued translation for record ID 7577 to ru-RU
Queued translation for record ID 7577 to zh-CN
Queued translation for record ID 7714 to en-US
Queued translation for record ID 7714 to ar-SA
Queued translation for record ID 7714 to tr-TR
Queued translation for record ID 7714 to ru-RU
Queued translation for record ID 7714 to zh-CN
Queued translation for record ID 8102 to en-US
Queued translation for record ID 8102 to ar-SA
Queued translation for record ID 8102 to tr-TR
Queued translation for record ID 8102 to ru-RU
Queued translation for record ID 8102 to zh-CN
Queued translation for record ID 8759 to en-US
Queued translation for record ID 8759 to ar-SA
Queued translation for record ID 8759 to tr-TR
Queued translation for record ID 8759 to ru-RU
Queued translation for record ID 8759 to zh-CN
Queued translation for record ID 9883 to en-US
Queued translation for record ID 9883 to ar-SA
Queued translation for record ID 9883 to tr-TR
Queued translation for record ID 9883 to ru-RU
Queued translation for record ID 9883 to zh-CN
Queued translation for record ID 9885 to en-US
Queued translation for record ID 9885 to ar-SA
Queued translation for record ID 9885 to tr-TR
Queued translation for record ID 9885 to ru-RU
Queued translation for record ID 9885 to zh-CN
Queued translation for record ID 9888 to en-US
Queued translation for record ID 9888 to ar-SA
Queued translation for record ID 9888 to tr-TR
Queued translation for record ID 9888 to ru-RU
Queued translation for record ID 9888 to zh-CN
Queued translation for record ID 9891 to en-US
Queued translation for record ID 9891 to ar-SA
Queued translation for record ID 9891 to tr-TR
Queued translation for record ID 9891 to ru-RU
Queued translation for record ID 9891 to zh-CN
Queued translation for record ID 9894 to en-US
Queued translation for record ID 9894 to ar-SA
Queued translation for record ID 9894 to tr-TR
Queued translation for record ID 9894 to ru-RU
Queued translation for record ID 9894 to zh-CN
Queued translation for record ID 9896 to en-US
Queued translation for record ID 9896 to ar-SA
Queued translation for record ID 9896 to tr-TR
Queued translation for record ID 9896 to ru-RU
Queued translation for record ID 9896 to zh-CN
Queued translation for record ID 9898 to en-US
Queued translation for record ID 9898 to ar-SA
Queued translation for record ID 9898 to tr-TR
Queued translation for record ID 9898 to ru-RU
Queued translation for record ID 9898 to zh-CN
Queued translation for record ID 9899 to en-US
Queued translation for record ID 9899 to ar-SA
Queued translation for record ID 9899 to tr-TR
Queued translation for record ID 9899 to ru-RU
Queued translation for record ID 9899 to zh-CN
Queued translation for record ID 9900 to en-US
Queued translation for record ID 9900 to ar-SA
Queued translation for record ID 9900 to tr-TR
Queued translation for record ID 9900 to ru-RU
Queued translation for record ID 9900 to zh-CN
Queued translation for record ID 9901 to en-US
Queued translation for record ID 9901 to ar-SA
Queued translation for record ID 9901 to tr-TR
Queued translation for record ID 9901 to ru-RU
Queued translation for record ID 9901 to zh-CN
Queued translation for record ID 9905 to en-US
Queued translation for record ID 9905 to ar-SA
Queued translation for record ID 9905 to tr-TR
Queued translation for record ID 9905 to ru-RU
Queued translation for record ID 9905 to zh-CN
Queued translation for record ID 9906 to en-US
Queued translation for record ID 9906 to ar-SA
Queued translation for record ID 9906 to tr-TR
Queued translation for record ID 9906 to ru-RU
Queued translation for record ID 9906 to zh-CN
Queued translation for record ID 9908 to en-US
Queued translation for record ID 9908 to ar-SA
Queued translation for record ID 9908 to tr-TR
Queued translation for record ID 9908 to ru-RU
Queued translation for record ID 9908 to zh-CN
Queued translation for record ID 9910 to en-US
Queued translation for record ID 9910 to ar-SA
Queued translation for record ID 9910 to tr-TR
Queued translation for record ID 9910 to ru-RU
Queued translation for record ID 9910 to zh-CN
Queued translation for record ID 9912 to en-US
Queued translation for record ID 9912 to ar-SA
Queued translation for record ID 9912 to tr-TR
Queued translation for record ID 9912 to ru-RU
Queued translation for record ID 9912 to zh-CN
Queued translation for record ID 9913 to en-US
Queued translation for record ID 9913 to ar-SA
Queued translation for record ID 9913 to tr-TR
Queued translation for record ID 9913 to ru-RU
Queued translation for record ID 9913 to zh-CN
Queued translation for record ID 9915 to en-US
Queued translation for record ID 9915 to ar-SA
Queued translation for record ID 9915 to tr-TR
Queued translation for record ID 9915 to ru-RU
Queued translation for record ID 9915 to zh-CN
Queued translation for record ID 9918 to en-US
Queued translation for record ID 9918 to ar-SA
Queued translation for record ID 9918 to tr-TR
Queued translation for record ID 9918 to ru-RU
Queued translation for record ID 9918 to zh-CN
Queued translation for record ID 9920 to en-US
Queued translation for record ID 9920 to ar-SA
Queued translation for record ID 9920 to tr-TR
Queued translation for record ID 9920 to ru-RU
Queued translation for record ID 9920 to zh-CN
Queued translation for record ID 9922 to en-US
Queued translation for record ID 9922 to ar-SA
Queued translation for record ID 9922 to tr-TR
Queued translation for record ID 9922 to ru-RU
Queued translation for record ID 9922 to zh-CN
Queued translation for record ID 9924 to en-US
Queued translation for record ID 9924 to ar-SA
Queued translation for record ID 9924 to tr-TR
Queued translation for record ID 9924 to ru-RU
Queued translation for record ID 9924 to zh-CN
Queued translation for record ID 9926 to en-US
Queued translation for record ID 9926 to ar-SA
Queued translation for record ID 9926 to tr-TR
Queued translation for record ID 9926 to ru-RU
Queued translation for record ID 9926 to zh-CN
Queued translation for record ID 9928 to en-US
Queued translation for record ID 9928 to ar-SA
Queued translation for record ID 9928 to tr-TR
Queued translation for record ID 9928 to ru-RU
Queued translation for record ID 9928 to zh-CN
Queued translation for record ID 9933 to en-US
Queued translation for record ID 9933 to ar-SA
Queued translation for record ID 9933 to tr-TR
Queued translation for record ID 9933 to ru-RU
Queued translation for record ID 9933 to zh-CN
Queued translation for record ID 9935 to en-US
Queued translation for record ID 9935 to ar-SA
Queued translation for record ID 9935 to tr-TR
Queued translation for record ID 9935 to ru-RU
Queued translation for record ID 9935 to zh-CN
Queued translation for record ID 9937 to en-US
Queued translation for record ID 9937 to ar-SA
Queued translation for record ID 9937 to tr-TR
Queued translation for record ID 9937 to ru-RU
Queued translation for record ID 9937 to zh-CN
Queued translation for record ID 9938 to en-US
Queued translation for record ID 9938 to ar-SA
Queued translation for record ID 9938 to tr-TR
Queued translation for record ID 9938 to ru-RU
Queued translation for record ID 9938 to zh-CN
Queued translation for record ID 9940 to en-US
Queued translation for record ID 9940 to ar-SA
Queued translation for record ID 9940 to tr-TR
Queued translation for record ID 9940 to ru-RU
Queued translation for record ID 9940 to zh-CN
Queued translation for record ID 9941 to en-US
Queued translation for record ID 9941 to ar-SA
Queued translation for record ID 9941 to tr-TR
Queued translation for record ID 9941 to ru-RU
Queued translation for record ID 9941 to zh-CN
Queued translation for record ID 9943 to en-US
Queued translation for record ID 9943 to ar-SA
Queued translation for record ID 9943 to tr-TR
Queued translation for record ID 9943 to ru-RU
Queued translation for record ID 9943 to zh-CN
Queued translation for record ID 10222 to en-US
Queued translation for record ID 10222 to ar-SA
Queued translation for record ID 10222 to tr-TR
Queued translation for record ID 10222 to ru-RU
Queued translation for record ID 10222 to zh-CN
Queued translation for record ID 10363 to en-US
Queued translation for record ID 10363 to ar-SA
Queued translation for record ID 10363 to tr-TR
Queued translation for record ID 10363 to ru-RU
Queued translation for record ID 10363 to zh-CN
Queued translation for record ID 10371 to en-US
Queued translation for record ID 10371 to ar-SA
Queued translation for record ID 10371 to tr-TR
Queued translation for record ID 10371 to ru-RU
Queued translation for record ID 10371 to zh-CN
Queued translation for record ID 10392 to en-US
Queued translation for record ID 10392 to ar-SA
Queued translation for record ID 10392 to tr-TR
Queued translation for record ID 10392 to ru-RU
Queued translation for record ID 10392 to zh-CN
Queued translation for record ID 10401 to en-US
Queued translation for record ID 10401 to ar-SA
Queued translation for record ID 10401 to tr-TR
Queued translation for record ID 10401 to ru-RU
Queued translation for record ID 10401 to zh-CN
Queued translation for record ID 10404 to en-US
Queued translation for record ID 10404 to ar-SA
Queued translation for record ID 10404 to tr-TR
Queued translation for record ID 10404 to ru-RU
Queued translation for record ID 10404 to zh-CN
Queued translation for record ID 10449 to en-US
Queued translation for record ID 10449 to ar-SA
Queued translation for record ID 10449 to tr-TR
Queued translation for record ID 10449 to ru-RU
Queued translation for record ID 10449 to zh-CN
Queued translation for record ID 10454 to en-US
Queued translation for record ID 10454 to ar-SA
Queued translation for record ID 10454 to tr-TR
Queued translation for record ID 10454 to ru-RU
Queued translation for record ID 10454 to zh-CN
Queued translation for record ID 10460 to en-US
Queued translation for record ID 10460 to ar-SA
Queued translation for record ID 10460 to tr-TR
Queued translation for record ID 10460 to ru-RU
Queued translation for record ID 10460 to zh-CN
Queued translation for record ID 10464 to en-US
Queued translation for record ID 10464 to ar-SA
Queued translation for record ID 10464 to tr-TR
Queued translation for record ID 10464 to ru-RU
Queued translation for record ID 10464 to zh-CN
Queued translation for record ID 10475 to en-US
Queued translation for record ID 10475 to ar-SA
Queued translation for record ID 10475 to tr-TR
Queued translation for record ID 10475 to ru-RU
Queued translation for record ID 10475 to zh-CN
Queued translation for record ID 10478 to en-US
Queued translation for record ID 10478 to ar-SA
Queued translation for record ID 10478 to tr-TR
Queued translation for record ID 10478 to ru-RU
Queued translation for record ID 10478 to zh-CN
Queued translation for record ID 10886 to en-US
Queued translation for record ID 10886 to ar-SA
Queued translation for record ID 10886 to tr-TR
Queued translation for record ID 10886 to ru-RU
Queued translation for record ID 10886 to zh-CN
Queued translation for record ID 10893 to en-US
Queued translation for record ID 10893 to ar-SA
Queued translation for record ID 10893 to tr-TR
Queued translation for record ID 10893 to ru-RU
Queued translation for record ID 10893 to zh-CN
Queued translation for record ID 11367 to en-US
Queued translation for record ID 11367 to ar-SA
Queued translation for record ID 11367 to tr-TR
Queued translation for record ID 11367 to ru-RU
Queued translation for record ID 11367 to zh-CN
Queued translation for record ID 11368 to en-US
Queued translation for record ID 11368 to ar-SA
Queued translation for record ID 11368 to tr-TR
Queued translation for record ID 11368 to ru-RU
Queued translation for record ID 11368 to zh-CN
Queued translation for record ID 11371 to en-US
Queued translation for record ID 11371 to ar-SA
Queued translation for record ID 11371 to tr-TR
Queued translation for record ID 11371 to ru-RU
Queued translation for record ID 11371 to zh-CN
Queued translation for record ID 11372 to en-US
Queued translation for record ID 11372 to ar-SA
Queued translation for record ID 11372 to tr-TR
Queued translation for record ID 11372 to ru-RU
Queued translation for record ID 11372 to zh-CN
Queued translation for record ID 11374 to en-US
Queued translation for record ID 11374 to ar-SA
Queued translation for record ID 11374 to tr-TR
Queued translation for record ID 11374 to ru-RU
Queued translation for record ID 11374 to zh-CN
Queued translation for record ID 11375 to en-US
Queued translation for record ID 11375 to ar-SA
Queued translation for record ID 11375 to tr-TR
Queued translation for record ID 11375 to ru-RU
Queued translation for record ID 11375 to zh-CN
Queued translation for record ID 11376 to en-US
Queued translation for record ID 11376 to ar-SA
Queued translation for record ID 11376 to tr-TR
Queued translation for record ID 11376 to ru-RU
Queued translation for record ID 11376 to zh-CN
Queued translation for record ID 11377 to en-US
Queued translation for record ID 11377 to ar-SA
Queued translation for record ID 11377 to tr-TR
Queued translation for record ID 11377 to ru-RU
Queued translation for record ID 11377 to zh-CN
Queued translation for record ID 11382 to en-US
Queued translation for record ID 11382 to ar-SA
Queued translation for record ID 11382 to tr-TR
Queued translation for record ID 11382 to ru-RU
Queued translation for record ID 11382 to zh-CN
Queued translation for record ID 11586 to en-US
Queued translation for record ID 11898 to en-US
Queued translation for record ID 25323 to zh-CN
Queued translation for record ID 25327 to en-US
Queued translation for record ID 25327 to ar-SA
Queued translation for record ID 25327 to tr-TR
Queued translation for record ID 25327 to ru-RU
Queued translation for record ID 25327 to zh-CN
Queued translation for record ID 25457 to en-US
Queued translation for record ID 25457 to ar-SA
Queued translation for record ID 25457 to tr-TR
Queued translation for record ID 25457 to ru-RU
Queued translation for record ID 25457 to zh-CN
Queued translation for record ID 25729 to ru-RU
Queued translation for record ID 25758 to en-US
Queued translation for record ID 25758 to ar-SA
Queued translation for record ID 25758 to tr-TR
Queued translation for record ID 25758 to ru-RU
Queued translation for record ID 25758 to zh-CN
Queued translation for record ID 25831 to en-US
Queued translation for record ID 25831 to ar-SA
Queued translation for record ID 25831 to tr-TR
Queued translation for record ID 25831 to ru-RU
Queued translation for record ID 25831 to zh-CN
Queued translation for record ID 25963 to en-US
Queued translation for record ID 25963 to ar-SA
Queued translation for record ID 25963 to tr-TR
Queued translation for record ID 25963 to ru-RU
Queued translation for record ID 25963 to zh-CN
Queued translation for record ID 25978 to en-US
Queued translation for record ID 25978 to ar-SA
Queued translation for record ID 25978 to tr-TR
Queued translation for record ID 25978 to ru-RU
Queued translation for record ID 25978 to zh-CN
Queued translation for record ID 26988 to en-US
Queued translation for record ID 26988 to ar-SA
Queued translation for record ID 26988 to tr-TR
Queued translation for record ID 26988 to ru-RU
Queued translation for record ID 26988 to zh-CN
Queued translation for record ID 26991 to en-US
Queued translation for record ID 26991 to ar-SA
Queued translation for record ID 26991 to tr-TR
Queued translation for record ID 26991 to ru-RU
Queued translation for record ID 26991 to zh-CN
Queued translation for record ID 27002 to en-US
Queued translation for record ID 27002 to ar-SA
Queued translation for record ID 27002 to tr-TR
Queued translation for record ID 27002 to ru-RU
Queued translation for record ID 27002 to zh-CN
Queued translation for record ID 27005 to en-US
Queued translation for record ID 27005 to ar-SA
Queued translation for record ID 27005 to tr-TR
Queued translation for record ID 27005 to ru-RU
Queued translation for record ID 27005 to zh-CN
Queued translation for record ID 27006 to en-US
Queued translation for record ID 27006 to ar-SA
Queued translation for record ID 27006 to tr-TR
Queued translation for record ID 27006 to ru-RU
Queued translation for record ID 27006 to zh-CN
Queued translation for record ID 27007 to en-US
Queued translation for record ID 27007 to ar-SA
Queued translation for record ID 27007 to tr-TR
Queued translation for record ID 27007 to ru-RU
Queued translation for record ID 27007 to zh-CN
Queued translation for record ID 27008 to en-US
Queued translation for record ID 27008 to ar-SA
Queued translation for record ID 27008 to tr-TR
Queued translation for record ID 27008 to ru-RU
Queued translation for record ID 27008 to zh-CN
Queued translation for record ID 27009 to en-US
Queued translation for record ID 27009 to ar-SA
Queued translation for record ID 27009 to tr-TR
Queued translation for record ID 27009 to ru-RU
Queued translation for record ID 27009 to zh-CN
Queued translation for record ID 27010 to en-US
Queued translation for record ID 27010 to ar-SA
Queued translation for record ID 27010 to tr-TR
Queued translation for record ID 27010 to ru-RU
Queued translation for record ID 27010 to zh-CN
Queued translation for record ID 27011 to en-US
Queued translation for record ID 27011 to ar-SA
Queued translation for record ID 27011 to tr-TR
Queued translation for record ID 27011 to ru-RU
Queued translation for record ID 27011 to zh-CN
Queued translation for record ID 27012 to en-US
Queued translation for record ID 27012 to ar-SA
Queued translation for record ID 27012 to tr-TR
Queued translation for record ID 27012 to ru-RU
Queued translation for record ID 27012 to zh-CN
Queued translation for record ID 27013 to en-US
Queued translation for record ID 27013 to ar-SA
Queued translation for record ID 27013 to tr-TR
Queued translation for record ID 27013 to ru-RU
Queued translation for record ID 27013 to zh-CN
Queued translation for record ID 27014 to en-US
Queued translation for record ID 27014 to ar-SA
Queued translation for record ID 27014 to tr-TR
Queued translation for record ID 27014 to ru-RU
Queued translation for record ID 27014 to zh-CN
Queued translation for record ID 27015 to en-US
Queued translation for record ID 27015 to ar-SA
Queued translation for record ID 27015 to tr-TR
Queued translation for record ID 27015 to ru-RU
Queued translation for record ID 27015 to zh-CN
Queued translation for record ID 27016 to en-US
Queued translation for record ID 27016 to ar-SA
Queued translation for record ID 27016 to tr-TR
Queued translation for record ID 27016 to ru-RU
Queued translation for record ID 27016 to zh-CN
Queued translation for record ID 27017 to en-US
Queued translation for record ID 27017 to ar-SA
Queued translation for record ID 27017 to tr-TR
Queued translation for record ID 27017 to ru-RU
Queued translation for record ID 27017 to zh-CN
Queued translation for record ID 27018 to en-US
Queued translation for record ID 27018 to ar-SA
Queued translation for record ID 27018 to tr-TR
Queued translation for record ID 27018 to ru-RU
Queued translation for record ID 27018 to zh-CN
Queued translation for record ID 27019 to en-US
Queued translation for record ID 27019 to ar-SA
Queued translation for record ID 27019 to tr-TR
Queued translation for record ID 27019 to ru-RU
Queued translation for record ID 27019 to zh-CN
Queued translation for record ID 27020 to en-US
Queued translation for record ID 27020 to ar-SA
Queued translation for record ID 27020 to tr-TR
Queued translation for record ID 27020 to ru-RU
Queued translation for record ID 27020 to zh-CN
Queued translation for record ID 27021 to en-US
Queued translation for record ID 27021 to ar-SA
Queued translation for record ID 27021 to tr-TR
Queued translation for record ID 27021 to ru-RU
Queued translation for record ID 27021 to zh-CN
Queued translation for record ID 27022 to en-US
Queued translation for record ID 27022 to ar-SA
Queued translation for record ID 27022 to tr-TR
Queued translation for record ID 27022 to ru-RU
Queued translation for record ID 27022 to zh-CN
Queued translation for record ID 27024 to en-US
Queued translation for record ID 27024 to ar-SA
Queued translation for record ID 27024 to tr-TR
Queued translation for record ID 27024 to ru-RU
Queued translation for record ID 27024 to zh-CN
Queued translation for record ID 27093 to en-US
Queued translation for record ID 27093 to ar-SA
Queued translation for record ID 27093 to tr-TR
Queued translation for record ID 27093 to ru-RU
Queued translation for record ID 27093 to zh-CN
Queued translation for record ID 27097 to en-US
Queued translation for record ID 27097 to ar-SA
Queued translation for record ID 27097 to tr-TR
Queued translation for record ID 27097 to ru-RU
Queued translation for record ID 27097 to zh-CN
Queued translation for record ID 27098 to en-US
Queued translation for record ID 27098 to ar-SA
Queued translation for record ID 27098 to tr-TR
Queued translation for record ID 27098 to ru-RU
Queued translation for record ID 27098 to zh-CN
Queued translation for record ID 27101 to en-US
Queued translation for record ID 27101 to ar-SA
Queued translation for record ID 27101 to tr-TR
Queued translation for record ID 27101 to ru-RU
Queued translation for record ID 27101 to zh-CN
Queued translation for record ID 27102 to en-US
Queued translation for record ID 27102 to ar-SA
Queued translation for record ID 27102 to tr-TR
Queued translation for record ID 27102 to ru-RU
Queued translation for record ID 27102 to zh-CN
Queued translation for record ID 29195 to en-US
Queued translation for record ID 29195 to ar-SA
Queued translation for record ID 29195 to tr-TR
Queued translation for record ID 29195 to ru-RU
Queued translation for record ID 29195 to zh-CN
Queued translation for record ID 32253 to en-US
Queued translation for record ID 32253 to ar-SA
Queued translation for record ID 32253 to tr-TR
Queued translation for record ID 32253 to ru-RU
Queued translation for record ID 32253 to zh-CN
Queued translation for record ID 32266 to en-US
Queued translation for record ID 32267 to en-US
Queued translation for record ID 32269 to en-US
Queued translation for record ID 32363 to en-US
Queued translation for record ID 32363 to ar-SA
Queued translation for record ID 32363 to tr-TR
Queued translation for record ID 32363 to ru-RU
Queued translation for record ID 32363 to zh-CN
Queued translation for record ID 32382 to en-US
Queued translation for record ID 32382 to ar-SA
Queued translation for record ID 32382 to tr-TR
Queued translation for record ID 32382 to ru-RU
Queued translation for record ID 32382 to zh-CN
Queued translation for record ID 32460 to en-US
Queued translation for record ID 32460 to ar-SA
Queued translation for record ID 32460 to tr-TR
Queued translation for record ID 32460 to ru-RU
Queued translation for record ID 32460 to zh-CN
Queued translation for record ID 32467 to en-US
Queued translation for record ID 32467 to ar-SA
Queued translation for record ID 32467 to tr-TR
Queued translation for record ID 32467 to ru-RU
Queued translation for record ID 32467 to zh-CN
Queued translation for record ID 32470 to en-US
Queued translation for record ID 32470 to ar-SA
Queued translation for record ID 32470 to tr-TR
Queued translation for record ID 32470 to ru-RU
Queued translation for record ID 32470 to zh-CN
Queued translation for record ID 32471 to en-US
Queued translation for record ID 32474 to en-US
Queued translation for record ID 32474 to ar-SA
Queued translation for record ID 32474 to tr-TR
Queued translation for record ID 32474 to ru-RU
Queued translation for record ID 32474 to zh-CN
Queued translation for record ID 32548 to en-US
Queued translation for record ID 32548 to ar-SA
Queued translation for record ID 32548 to tr-TR
Queued translation for record ID 32548 to ru-RU
Queued translation for record ID 32548 to zh-CN
Queued translation for record ID 32743 to en-US
Queued translation for record ID 32743 to ar-SA
Queued translation for record ID 32743 to tr-TR
Queued translation for record ID 32743 to ru-RU
Queued translation for record ID 32743 to zh-CN
Queued translation for record ID 32745 to en-US
Queued translation for record ID 32745 to ar-SA
Queued translation for record ID 32745 to tr-TR
Queued translation for record ID 32745 to ru-RU
Queued translation for record ID 32745 to zh-CN
Queued translation for record ID 32746 to en-US
Queued translation for record ID 32746 to ar-SA
Queued translation for record ID 32746 to tr-TR
Queued translation for record ID 32746 to ru-RU
Queued translation for record ID 32746 to zh-CN
Queued translation for record ID 32945 to en-US
Queued translation for record ID 32945 to ar-SA
Queued translation for record ID 32945 to tr-TR
Queued translation for record ID 32945 to ru-RU
Queued translation for record ID 32945 to zh-CN
Queued translation for record ID 32947 to en-US
Queued translation for record ID 32947 to ar-SA
Queued translation for record ID 32947 to tr-TR
Queued translation for record ID 32947 to ru-RU
Queued translation for record ID 32947 to zh-CN
Queued translation for record ID 32951 to en-US
Queued translation for record ID 32951 to ar-SA
Queued translation for record ID 32951 to tr-TR
Queued translation for record ID 32951 to ru-RU
Queued translation for record ID 32951 to zh-CN
Queued translation for record ID 32959 to en-US
Queued translation for record ID 32959 to ar-SA
Queued translation for record ID 32959 to tr-TR
Queued translation for record ID 32959 to ru-RU
Queued translation for record ID 32959 to zh-CN
Queued translation for record ID 32960 to en-US
Queued translation for record ID 32960 to ar-SA
Queued translation for record ID 32960 to tr-TR
Queued translation for record ID 32960 to ru-RU
Queued translation for record ID 32960 to zh-CN
Queued translation for record ID 32963 to en-US
Queued translation for record ID 32963 to ar-SA
Queued translation for record ID 32963 to tr-TR
Queued translation for record ID 32963 to ru-RU
Queued translation for record ID 32963 to zh-CN
Queued translation for record ID 32966 to en-US
Queued translation for record ID 32966 to ar-SA
Queued translation for record ID 32966 to tr-TR
Queued translation for record ID 32966 to ru-RU
Queued translation for record ID 32966 to zh-CN
Queued translation for record ID 32967 to en-US
Queued translation for record ID 32967 to ar-SA
Queued translation for record ID 32967 to tr-TR
Queued translation for record ID 32967 to ru-RU
Queued translation for record ID 32967 to zh-CN
Queued translation for record ID 32968 to en-US
Queued translation for record ID 32968 to ar-SA
Queued translation for record ID 32968 to tr-TR
Queued translation for record ID 32968 to ru-RU
Queued translation for record ID 32968 to zh-CN
Queued translation for record ID 32971 to en-US
Queued translation for record ID 32971 to ar-SA
Queued translation for record ID 32971 to tr-TR
Queued translation for record ID 32971 to ru-RU
Queued translation for record ID 32971 to zh-CN
Queued translation for record ID 32975 to en-US
Queued translation for record ID 32975 to ar-SA
Queued translation for record ID 32975 to tr-TR
Queued translation for record ID 32975 to ru-RU
Queued translation for record ID 32975 to zh-CN
Queued translation for record ID 32977 to en-US
Queued translation for record ID 32977 to ar-SA
Queued translation for record ID 32977 to tr-TR
Queued translation for record ID 32977 to ru-RU
Queued translation for record ID 32977 to zh-CN
Queued translation for record ID 32978 to en-US
Queued translation for record ID 32978 to ar-SA
Queued translation for record ID 32978 to tr-TR
Queued translation for record ID 32978 to ru-RU
Queued translation for record ID 32978 to zh-CN
Queued translation for record ID 32980 to en-US
Queued translation for record ID 32980 to ar-SA
Queued translation for record ID 32980 to tr-TR
Queued translation for record ID 32980 to ru-RU
Queued translation for record ID 32980 to zh-CN
Queued translation for record ID 32982 to en-US
Queued translation for record ID 32982 to ar-SA
Queued translation for record ID 32982 to tr-TR
Queued translation for record ID 32982 to ru-RU
Queued translation for record ID 32982 to zh-CN
Queued translation for record ID 32984 to en-US
Queued translation for record ID 32984 to ar-SA
Queued translation for record ID 32984 to tr-TR
Queued translation for record ID 32984 to ru-RU
Queued translation for record ID 32984 to zh-CN
Queued translation for record ID 32986 to en-US
Queued translation for record ID 32986 to ar-SA
Queued translation for record ID 32986 to tr-TR
Queued translation for record ID 32986 to ru-RU
Queued translation for record ID 32986 to zh-CN
Queued translation for record ID 34979 to en-US
Queued translation for record ID 34979 to ar-SA
Queued translation for record ID 34979 to tr-TR
Queued translation for record ID 34979 to ru-RU
Queued translation for record ID 34979 to zh-CN
Queued translation for record ID 34980 to en-US
Queued translation for record ID 34980 to ar-SA
Queued translation for record ID 34980 to tr-TR
Queued translation for record ID 34980 to ru-RU
Queued translation for record ID 34980 to zh-CN
Queued translation for record ID 34988 to en-US
Queued translation for record ID 34988 to ar-SA
Queued translation for record ID 34988 to tr-TR
Queued translation for record ID 34988 to ru-RU
Queued translation for record ID 34988 to zh-CN
Queued translation for record ID 34991 to en-US
Queued translation for record ID 34991 to ar-SA
Queued translation for record ID 34991 to tr-TR
Queued translation for record ID 34991 to ru-RU
Queued translation for record ID 34991 to zh-CN
Queued translation for record ID 35058 to en-US
Queued translation for record ID 35058 to ar-SA
Queued translation for record ID 35058 to tr-TR
Queued translation for record ID 35058 to ru-RU
Queued translation for record ID 35058 to zh-CN
Queued translation for record ID 35634 to en-US
Queued translation for record ID 35634 to ar-SA
Queued translation for record ID 35634 to tr-TR
Queued translation for record ID 35634 to ru-RU
Queued translation for record ID 35634 to zh-CN
Queued translation for record ID 35637 to en-US
Queued translation for record ID 35637 to ar-SA
Queued translation for record ID 35637 to tr-TR
Queued translation for record ID 35637 to ru-RU
Queued translation for record ID 35637 to zh-CN
Queued translation for record ID 36742 to en-US
Queued translation for record ID 36742 to ar-SA
Queued translation for record ID 36742 to tr-TR
Queued translation for record ID 36742 to ru-RU
Queued translation for record ID 36742 to zh-CN
Queued translation for record ID 36745 to en-US
Queued translation for record ID 36745 to ar-SA
Queued translation for record ID 36745 to tr-TR
Queued translation for record ID 36745 to ru-RU
Queued translation for record ID 36745 to zh-CN
Queued translation for record ID 36746 to en-US
Queued translation for record ID 36746 to ar-SA
Queued translation for record ID 36746 to tr-TR
Queued translation for record ID 36746 to ru-RU
Queued translation for record ID 36746 to zh-CN
Queued translation for record ID 36747 to en-US
Queued translation for record ID 36747 to ar-SA
Queued translation for record ID 36747 to tr-TR
Queued translation for record ID 36747 to ru-RU
Queued translation for record ID 36747 to zh-CN
Queued translation for record ID 36748 to en-US
Queued translation for record ID 36748 to ar-SA
Queued translation for record ID 36748 to tr-TR
Queued translation for record ID 36748 to ru-RU
Queued translation for record ID 36748 to zh-CN
Queued translation for record ID 36752 to en-US
Queued translation for record ID 36752 to ar-SA
Queued translation for record ID 36752 to tr-TR
Queued translation for record ID 36752 to ru-RU
Queued translation for record ID 36752 to zh-CN
Queued translation for record ID 37645 to en-US
Queued translation for record ID 37645 to ar-SA
Queued translation for record ID 37645 to tr-TR
Queued translation for record ID 37645 to ru-RU
Queued translation for record ID 37645 to zh-CN
Queued translation for record ID 37731 to en-US
Queued translation for record ID 37731 to ar-SA
Queued translation for record ID 37731 to tr-TR
Queued translation for record ID 37731 to ru-RU
Queued translation for record ID 37731 to zh-CN
Queued translation for record ID 38176 to ru-RU
Queued translation for record ID 38857 to en-US
Queued translation for record ID 38857 to ar-SA
Queued translation for record ID 38857 to tr-TR
Queued translation for record ID 38857 to ru-RU
Queued translation for record ID 38857 to zh-CN
Queued translation for record ID 38858 to en-US
Queued translation for record ID 38858 to ar-SA
Queued translation for record ID 38858 to tr-TR
Queued translation for record ID 38858 to ru-RU
Queued translation for record ID 38858 to zh-CN
Queued translation for record ID 38859 to en-US
Queued translation for record ID 38859 to ar-SA
Queued translation for record ID 38859 to tr-TR
Queued translation for record ID 38859 to ru-RU
Queued translation for record ID 38859 to zh-CN
Queued translation for record ID 39139 to en-US
Queued translation for record ID 39139 to ar-SA
Queued translation for record ID 39139 to tr-TR
Queued translation for record ID 39139 to ru-RU
Queued translation for record ID 39139 to zh-CN
Queued translation for record ID 39140 to en-US
Queued translation for record ID 39140 to ar-SA
Queued translation for record ID 39140 to tr-TR
Queued translation for record ID 39140 to ru-RU
Queued translation for record ID 39140 to zh-CN
Queued translation for record ID 39147 to en-US
Queued translation for record ID 39147 to ar-SA
Queued translation for record ID 39147 to tr-TR
Queued translation for record ID 39147 to ru-RU
Queued translation for record ID 39147 to zh-CN
Queued translation for record ID 39159 to en-US
Queued translation for record ID 39159 to ar-SA
Queued translation for record ID 39159 to tr-TR
Queued translation for record ID 39159 to ru-RU
Queued translation for record ID 39159 to zh-CN
Queued translation for record ID 42669 to ru-RU
Queued translation for record ID 43554 to en-US
Queued translation for record ID 43554 to ar-SA
Queued translation for record ID 43554 to tr-TR
Queued translation for record ID 43554 to ru-RU
Queued translation for record ID 43554 to zh-CN
Dispatched 1147 translation jobs.
Processing App\Models\ProductAttributes...
Searching for untranslated records in App\Models\ProductAttributes...
Source language: fa-IR
Target languages: fa-IR, en-US, ar-SA, tr-TR, ru-RU, zh-CN
Queued translation for record ID 728 to en-US
Queued translation for record ID 728 to ru-RU
Queued translation for record ID 732 to en-US
Queued translation for record ID 732 to ru-RU
Queued translation for record ID 736 to en-US
Queued translation for record ID 736 to ru-RU
Queued translation for record ID 740 to en-US
Queued translation for record ID 740 to ru-RU
Queued translation for record ID 744 to en-US
Queued translation for record ID 744 to ru-RU
Queued translation for record ID 836 to en-US
Queued translation for record ID 836 to ru-RU
Queued translation for record ID 856 to en-US
Queued translation for record ID 856 to tr-TR
Queued translation for record ID 856 to ru-RU
Queued translation for record ID 1094 to en-US
Queued translation for record ID 1094 to ar-SA
Queued translation for record ID 1094 to ru-RU
Queued translation for record ID 1114 to en-US
Queued translation for record ID 1114 to ru-RU
Queued translation for record ID 1118 to en-US
Queued translation for record ID 1118 to ru-RU
Queued translation for record ID 1122 to en-US
Queued translation for record ID 1122 to ru-RU
Queued translation for record ID 2198 to en-US
Queued translation for record ID 2198 to ru-RU
Dispatched 26 translation jobs.
Processing App\Models\ProductInquery...
Searching for untranslated records in App\Models\ProductInquery...
Source language: fa-IR
Target languages: fa-IR, en-US, ar-SA, tr-TR, ru-RU, zh-CN
Queued translation for record ID 502 to fa-IR
Queued translation for record ID 502 to en-US
Queued translation for record ID 502 to ar-SA
Queued translation for record ID 502 to tr-TR
Queued translation for record ID 502 to ru-RU
Queued translation for record ID 502 to zh-CN
Dispatched 6 translation jobs.
Processing App\Models\Province...
Searching for untranslated records in App\Models\Province...
Source language: fa-IR
Target languages: fa-IR, en-US, ar-SA, tr-TR, ru-RU, zh-CN
Dispatched 0 translation jobs.
Processing App\Models\Role...
Searching for untranslated records in App\Models\Role...
Source language: fa-IR
Target languages: fa-IR, en-US, ar-SA, tr-TR, ru-RU, zh-CN
Dispatched 0 translation jobs.
Processing App\Models\Slide...
Searching for untranslated records in App\Models\Slide...
Source language: fa-IR
Target languages: fa-IR, en-US, ar-SA, tr-TR, ru-RU, zh-CN
Dispatched 0 translation jobs.
Processing App\Models\User...
Searching for untranslated records in App\Models\User...
Source language: fa-IR
Target languages: fa-IR, en-US, ar-SA, tr-TR, ru-RU, zh-CN
Dispatched 0 translation jobs.
All models processed successfully!
